#
# There is insufficient memory for the Java Runtime Environment to continue.
# Native memory allocation (mmap) failed to map 130023424 bytes. Error detail: G1 virtual space
# Possible reasons:
#   The system is out of physical RAM or swap space
#   This process is running with CompressedOops enabled, and the Java Heap may be blocking the growth of the native heap
# Possible solutions:
#   Reduce memory load on the system
#   Increase physical memory or swap space
#   Check if swap backing store is full
#   Decrease Java heap size (-Xmx/-Xms)
#   Decrease number of Java threads
#   Decrease Java thread stack sizes (-Xss)
#   Set larger code cache with -XX:ReservedCodeCacheSize=
#   JVM is running with Unscaled Compressed Oops mode in which the Java heap is
#     placed in the first 4GB address space. The Java Heap base address is the
#     maximum limit for the native heap growth. Please use -XX:HeapBaseMinAddress
#     to set the Java Heap base and to place the Java Heap above 4GB virtual address.
# This output file may be truncated or incomplete.
#
#  Out of Memory Error (os_windows.cpp:3828), pid=15300, tid=10968
#
# JRE version:  (21.0.4) (build )
# Java VM: OpenJDK 64-Bit Server VM (21.0.4+-12508038-b607.1, mixed mode, sharing, tiered, compressed oops, compressed class ptrs, g1 gc, windows-amd64)
# No core dump will be written. Minidumps are not enabled by default on client versions of Windows
#

---------------  S U M M A R Y ------------

Command Line: -Dorg.gradle.appname=gradlew org.gradle.wrapper.GradleWrapperMain -q -Ptarget-platform=android-arm64 -Ptarget=E:\skillaura\lib\main.dart -Pbase-application-name=android.app.Application -Pdart-obfuscation=false -Ptrack-widget-creation=true -Ptree-shake-icons=false -Pfilesystem-scheme=org-dartlang-root assembleDebug

Host: 11th Gen Intel(R) Core(TM) i5-1135G7 @ 2.40GHz, 8 cores, 7G,  Windows 11 , 64 bit Build 22621 (10.0.22621.3958)
Time: Sun Apr  6 21:48:17 2025 India Standard Time elapsed time: 0.010805 seconds (0d 0h 0m 0s)

---------------  T H R E A D  ---------------

Current thread (0x000002caa518f530):  JavaThread "Unknown thread" [_thread_in_vm, id=10968, stack(0x000000eb54800000,0x000000eb54900000) (1024K)]

Stack: [0x000000eb54800000,0x000000eb54900000]
Native frames: (J=compiled Java code, j=interpreted, Vv=VM code, C=native code)
V  [jvm.dll+0x6ce539]
V  [jvm.dll+0x85bf03]
V  [jvm.dll+0x85e45e]
V  [jvm.dll+0x85eb43]
V  [jvm.dll+0x27dd06]
V  [jvm.dll+0x6cada5]
V  [jvm.dll+0x6bf27a]
V  [jvm.dll+0x3541fb]
V  [jvm.dll+0x35be36]
V  [jvm.dll+0x3adbc6]
V  [jvm.dll+0x3ade98]
V  [jvm.dll+0x32691c]
V  [jvm.dll+0x32760b]
V  [jvm.dll+0x823959]
V  [jvm.dll+0x3bacf8]
V  [jvm.dll+0x80cd58]
V  [jvm.dll+0x44ef2e]
V  [jvm.dll+0x450691]
C  [jli.dll+0x52ab]
C  [ucrtbase.dll+0x29333]
C  [KERNEL32.DLL+0x1257d]
C  [ntdll.dll+0x5af08]


---------------  P R O C E S S  ---------------

Threads class SMR info:
_java_thread_list=0x00007ffae902a808, length=0, elements={
}

Java Threads: ( => current thread )
Total: 0

Other Threads:
  0x000002caa51dd490 WorkerThread "GC Thread#0"                     [id=12912, stack(0x000000eb54900000,0x000000eb54a00000) (1024K)]
  0x000002caa51edae0 ConcurrentGCThread "G1 Main Marker"            [id=5964, stack(0x000000eb54a00000,0x000000eb54b00000) (1024K)]
  0x000002caa51efd90 WorkerThread "G1 Conc#0"                       [id=19112, stack(0x000000eb54b00000,0x000000eb54c00000) (1024K)]

[error occurred during error reporting (printing all threads), id 0xc0000005, EXCEPTION_ACCESS_VIOLATION (0xc0000005) at pc=0x00007ffae8829957]
VM state: not at safepoint (not fully initialized)

VM Mutex/Monitor currently owned by a thread:  ([mutex/lock_event])
[0x00007ffae90973f8] Heap_lock - owner thread: 0x000002caa518f530

Heap address: 0x0000000085800000, size: 1960 MB, Compressed Oops mode: 32-bit

CDS archive(s) mapped at: [0x0000000000000000-0x0000000000000000-0x0000000000000000), size 0, SharedBaseAddress: 0x0000000800000000, ArchiveRelocationMode: 1.
Narrow klass base: 0x0000000000000000, Narrow klass shift: 0, Narrow klass range: 0x0

GC Precious Log:
 CardTable entry size: 512
 Card Set container configuration: InlinePtr #cards 5 size 8 Array Of Cards #cards 12 size 40 Howl #buckets 4 coarsen threshold 1843 Howl Bitmap #cards 512 size 80 coarsen threshold 460 Card regions per heap region 1 cards per card region 2048

Heap:
 garbage-first heap   total 0K, used 0K [0x0000000085800000, 0x0000000100000000)
  region size 1024K, 0 young (0K), 0 survivors (0K)
 Metaspace       used 0K, committed 0K, reserved 0K
  class space    used 0K, committed 0K, reserved 0K

Heap Regions: E=young(eden), S=young(survivor), O=old, HS=humongous(starts), HC=humongous(continues), CS=collection set, F=free, TAMS=top-at-mark-start, PB=parsable bottom

Card table byte_map: [0x000002cab79f0000,0x000002cab7dd0000] _byte_map_base: 0x000002cab75c4000

Marking Bits: (CMBitMap*) 0x000002caa51ddb90
 Bits: [0x000002cab7dd0000, 0x000002cab9c70000)

GC Heap History (0 events):
No events

Dll operation events (1 events):
Event: 0.006 Loaded shared library D:\android\jbr\bin\java.dll

Deoptimization events (0 events):
No events

Classes loaded (0 events):
No events

Classes unloaded (0 events):
No events

Classes redefined (0 events):
No events

Internal exceptions (0 events):
No events

ZGC Phase Switch (0 events):
No events

VM Operations (0 events):
No events

Memory protections (0 events):
No events

Nmethod flushes (0 events):
No events

Events (0 events):
No events


Dynamic libraries:
0x00007ff674aa0000 - 0x00007ff674aaa000 	D:\android\jbr\bin\java.exe
0x00007ffbbaa30000 - 0x00007ffbbac47000 	C:\WINDOWS\SYSTEM32\ntdll.dll
0x00007ffbb8a50000 - 0x00007ffbb8b14000 	C:\WINDOWS\System32\KERNEL32.DLL
0x00007ffbb8110000 - 0x00007ffbb84c7000 	C:\WINDOWS\System32\KERNELBASE.dll
0x00007ffbb7d40000 - 0x00007ffbb7e51000 	C:\WINDOWS\System32\ucrtbase.dll
0x00007ffb93f60000 - 0x00007ffb93f78000 	D:\android\jbr\bin\jli.dll
0x00007ffb99700000 - 0x00007ffb9971b000 	D:\android\jbr\bin\VCRUNTIME140.dll
0x00007ffbb8880000 - 0x00007ffbb8a2f000 	C:\WINDOWS\System32\USER32.dll
0x00007ffbb7ee0000 - 0x00007ffbb7f06000 	C:\WINDOWS\System32\win32u.dll
0x00007ffb9a0d0000 - 0x00007ffb9a363000 	C:\WINDOWS\WinSxS\amd64_microsoft.windows.common-controls_6595b64144ccf1df_6.0.22621.3672_none_2713b9d173822955\COMCTL32.dll
0x00007ffbb90f0000 - 0x00007ffbb9119000 	C:\WINDOWS\System32\GDI32.dll
0x00007ffbba570000 - 0x00007ffbba617000 	C:\WINDOWS\System32\msvcrt.dll
0x00007ffbb84d0000 - 0x00007ffbb85e8000 	C:\WINDOWS\System32\gdi32full.dll
0x00007ffbb7f40000 - 0x00007ffbb7fda000 	C:\WINDOWS\System32\msvcp_win.dll
0x00007ffbb8b80000 - 0x00007ffbb8bb1000 	C:\WINDOWS\System32\IMM32.DLL
0x00007ffbad580000 - 0x00007ffbad58c000 	D:\android\jbr\bin\vcruntime140_1.dll
0x00007ffb85100000 - 0x00007ffb8518d000 	D:\android\jbr\bin\msvcp140.dll
0x00007ffae84f0000 - 0x00007ffae9173000 	D:\android\jbr\bin\server\jvm.dll
0x00007ffbb9190000 - 0x00007ffbb9242000 	C:\WINDOWS\System32\ADVAPI32.dll
0x00007ffbba6b0000 - 0x00007ffbba758000 	C:\WINDOWS\System32\sechost.dll
0x00007ffbb7f10000 - 0x00007ffbb7f38000 	C:\WINDOWS\System32\bcrypt.dll
0x00007ffbb9db0000 - 0x00007ffbb9ec4000 	C:\WINDOWS\System32\RPCRT4.dll
0x00007ffbb9c20000 - 0x00007ffbb9c91000 	C:\WINDOWS\System32\WS2_32.dll
0x00007ffbb7a60000 - 0x00007ffbb7aad000 	C:\WINDOWS\SYSTEM32\POWRPROF.dll
0x00007ffbb2270000 - 0x00007ffbb22a4000 	C:\WINDOWS\SYSTEM32\WINMM.dll
0x00007ffbad830000 - 0x00007ffbad83a000 	C:\WINDOWS\SYSTEM32\VERSION.dll
0x00007ffbb7a40000 - 0x00007ffbb7a53000 	C:\WINDOWS\SYSTEM32\UMPDC.dll
0x00007ffbb6d90000 - 0x00007ffbb6da8000 	C:\WINDOWS\SYSTEM32\kernel.appcore.dll
0x00007ffba9730000 - 0x00007ffba973a000 	D:\android\jbr\bin\jimage.dll
0x00007ffbb3a60000 - 0x00007ffbb3c92000 	C:\WINDOWS\SYSTEM32\DBGHELP.DLL
0x00007ffbba0a0000 - 0x00007ffbba42e000 	C:\WINDOWS\System32\combase.dll
0x00007ffbba910000 - 0x00007ffbba9e7000 	C:\WINDOWS\System32\OLEAUT32.dll
0x00007ffb94570000 - 0x00007ffb945a2000 	C:\WINDOWS\SYSTEM32\dbgcore.DLL
0x00007ffbb7e60000 - 0x00007ffbb7edb000 	C:\WINDOWS\System32\bcryptPrimitives.dll
0x00007ffb93e90000 - 0x00007ffb93eb0000 	D:\android\jbr\bin\java.dll

dbghelp: loaded successfully - version: 4.0.5 - missing functions: none
symbol engine: initialized successfully - sym options: 0x614 - pdb path: .;D:\android\jbr\bin;C:\WINDOWS\SYSTEM32;C:\WINDOWS\WinSxS\amd64_microsoft.windows.common-controls_6595b64144ccf1df_6.0.22621.3672_none_2713b9d173822955;D:\android\jbr\bin\server

VM Arguments:
jvm_args: -Dorg.gradle.appname=gradlew 
java_command: org.gradle.wrapper.GradleWrapperMain -q -Ptarget-platform=android-arm64 -Ptarget=E:\skillaura\lib\main.dart -Pbase-application-name=android.app.Application -Pdart-obfuscation=false -Ptrack-widget-creation=true -Ptree-shake-icons=false -Pfilesystem-scheme=org-dartlang-root assembleDebug
java_class_path (initial): E:\skillaura\android\\gradle\wrapper\gradle-wrapper.jar
Launcher Type: SUN_STANDARD

[Global flags]
     intx CICompilerCount                          = 4                                         {product} {ergonomic}
     uint ConcGCThreads                            = 2                                         {product} {ergonomic}
     uint G1ConcRefinementThreads                  = 8                                         {product} {ergonomic}
   size_t G1HeapRegionSize                         = 1048576                                   {product} {ergonomic}
    uintx GCDrainStackTargetSize                   = 64                                        {product} {ergonomic}
   size_t InitialHeapSize                          = 130023424                                 {product} {ergonomic}
   size_t MarkStackSize                            = 4194304                                   {product} {ergonomic}
   size_t MaxHeapSize                              = 2055208960                                {product} {ergonomic}
   size_t MinHeapDeltaBytes                        = 1048576                                   {product} {ergonomic}
   size_t MinHeapSize                              = 8388608                                   {product} {ergonomic}
    uintx NonNMethodCodeHeapSize                   = 5839372                                {pd product} {ergonomic}
    uintx NonProfiledCodeHeapSize                  = 122909434                              {pd product} {ergonomic}
     bool PerfDisableSharedMem                     = true                                      {product} {ergonomic}
    uintx ProfiledCodeHeapSize                     = 122909434                              {pd product} {ergonomic}
    uintx ReservedCodeCacheSize                    = 251658240                              {pd product} {ergonomic}
     bool SegmentedCodeCache                       = true                                      {product} {ergonomic}
   size_t SoftMaxHeapSize                          = 2055208960                             {manageable} {ergonomic}
     bool UseCompressedOops                        = true                           {product lp64_product} {ergonomic}
     bool UseG1GC                                  = true                                      {product} {ergonomic}
     bool UseLargePagesIndividualAllocation        = false                                  {pd product} {ergonomic}

Logging:
Log output configuration:
 #0: stdout all=warning uptime,level,tags foldmultilines=false
 #1: stderr all=off uptime,level,tags foldmultilines=false

Environment Variables:
JAVA_HOME=D:\android\jbr
CLASSPATH=E:\skillaura\android\\gradle\wrapper\gradle-wrapper.jar
PATH=D:\android\jbr\bin;C:\Program Files\Eclipse Adoptium\jdk-17.0.14.7-hotspot\bin;c:\Users\91812\AppData\Local\Programs\cursor\resources\app\bin;C:\WINDOWS\system32;C:\WINDOWS;C:\WINDOWS\System32\Wbem;C:\WINDOWS\System32\WindowsPowerShell\v1.0\;C:\WINDOWS\System32\OpenSSH\;C:\Program Files\Java\jdk-18.0.2\bin;C:\Program Files\Azure Data Studio\bin;C:\Program Files (x86)\dotnet\;C:\Program Files\HP\HP One Agent;C:\Program Files\Git\cmd;C:\Users\91812\AppData\Local\Programs\Python\Python310;C:\Users\91812\AppData\Local\Programs\Python\Python310\Scripts;C:\Users\91812\AppData\Local\Programs\Python\Launcher\;C:\Users\91812\AppData\Local\Microsoft\WindowsApps;D:\flutter\bin;c:\Users\91812\AppData\Local\Programs\cursor\resources\app\bin;D:\node.js\;C:\Users\91812\AppData\Local\Pub\Cache\bin;C:\Program Files\Eclipse Adoptium\jdk-17.0.14.7-hotspot\bin;C:\gradle-8.13\bin;C:\Users\91812\AppData\Local\Programs\Python\Launcher\;C:\Users\91812\AppData\Local\Microsoft\WindowsApps;C:\Program Files\Azure Data Studio\bin;C:\Users\91812\AppData\Local\Programs\Microsoft VS Code\bin;D:\flutter\bin;C:\Users\91812\AppData\Roaming\npm;C:\Users\91812\AppData\Local\Programs\cursor\resources\app\bin;D:\flutter\bin\mingit\cmd;D:\flutter\bin\mingit\cmd
USERNAME=91812
OS=Windows_NT
PROCESSOR_IDENTIFIER=Intel64 Family 6 Model 140 Stepping 1, GenuineIntel
TMP=C:\Users\91812\AppData\Local\Temp
TEMP=C:\Users\91812\AppData\Local\Temp




Periodic native trim disabled

JNI global refs:
JNI global refs: 0, weak refs: 0

JNI global refs memory usage: 0, weak refs: 0

Process memory usage:
Resident Set Size: 11600K (0% of 8022584K total physical memory with 647960K free physical memory)

OOME stack traces (most recent first):
Classloader memory used:

---------------  S Y S T E M  ---------------

OS:
 Windows 11 , 64 bit Build 22621 (10.0.22621.3958)
OS uptime: 3 days 7:44 hours

CPU: total 8 (initial active 8) (4 cores per cpu, 2 threads per core) family 6 model 140 stepping 1 microcode 0xb4, cx8, cmov, fxsr, ht, mmx, 3dnowpref, sse, sse2, sse3, ssse3, sse4.1, sse4.2, popcnt, lzcnt, tsc, tscinvbit, avx, avx2, aes, erms, clmul, bmi1, bmi2, adx, avx512f, avx512dq, avx512cd, avx512bw, avx512vl, sha, fma, vzeroupper, avx512_vpopcntdq, avx512_vpclmulqdq, avx512_vaes, avx512_vnni, clflush, clflushopt, clwb, avx512_vbmi2, avx512_vbmi, rdtscp, rdpid, fsrm, gfni, avx512_bitalg, f16c, pku, cet_ibt, cet_ss, avx512_ifma
Processor Information for all 8 processors :
  Max Mhz: 2401, Current Mhz: 2401, Mhz Limit: 2401

Memory: 4k page, system-wide physical 7834M (631M free)
TotalPageFile size 19798M (AvailPageFile size 105M)
current process WorkingSet (physical memory assigned to process): 11M, peak: 11M
current process commit charge ("private bytes"): 60M, peak: 184M

vm_info: OpenJDK 64-Bit Server VM (21.0.4+-12508038-b607.1) for windows-amd64 JRE (21.0.4+-12508038-b607.1), built on 2024-10-16T17:23:34Z by "builder" with MS VC++ 16.10 / 16.11 (VS2019)

END.
